[0.021s] Invoking command in '/home/jeongmyung/slam-tutorial_ws/src/slam-tutorial/build/slam-tutorial': CMAKE_PREFIX_PATH=${CMAKE_PREFIX_PATH}:/opt/ros/foxy /usr/bin/cmake --build /home/jeongmyung/slam-tutorial_ws/src/slam-tutorial/build/slam-tutorial -- -j12 -l12
[0.044s] -- Found ament_cmake: 0.9.11 (/opt/ros/foxy/share/ament_cmake/cmake)
[0.064s] -- Using PYTHON_EXECUTABLE: /usr/bin/python3
[0.278s] -- Override CMake install command with custom implementation using symlinks instead of copying resources
[0.286s] -- Found rclcpp: 2.4.2 (/opt/ros/foxy/share/rclcpp/cmake)
[0.445s] -- Using all available rosidl_typesupport_c: rosidl_typesupport_fastrtps_c;rosidl_typesupport_introspection_c
[0.449s] -- Found rosidl_adapter: 1.3.0 (/opt/ros/foxy/share/rosidl_adapter/cmake)
[3.906s] -- Using all available rosidl_typesupport_cpp: rosidl_typesupport_fastrtps_cpp;rosidl_typesupport_introspection_cpp
[3.977s] -- Found rmw_implementation_cmake: 1.0.4 (/opt/ros/foxy/share/rmw_implementation_cmake/cmake)
[3.979s] -- Using RMW implementation 'rmw_fastrtps_cpp' as default
[4.176s] -- Found sensor_msgs: 2.0.5 (/opt/ros/foxy/share/sensor_msgs/cmake)
[4.318s] -- Found image_transport: 2.4.0 (/opt/ros/foxy/share/image_transport/cmake)
[5.133s] -- Found tf2_ros: 0.13.14 (/opt/ros/foxy/share/tf2_ros/cmake)
[5.534s] -- Found nav_msgs: 2.0.5 (/opt/ros/foxy/share/nav_msgs/cmake)
[5.625s] -- Found ament_lint_auto: 0.9.8 (/opt/ros/foxy/share/ament_lint_auto/cmake)
[5.725s] -- Added test 'copyright' to check source files copyright and LICENSE
[5.763s] -- Added test 'cppcheck' to perform static code analysis on C / C++ code
[5.763s] -- Configured cppcheck include dirs: 
[5.764s] -- Configured cppcheck exclude dirs and/or files: 
[5.804s] -- Added test 'cpplint' to check C / C++ code against the Google style
[5.804s] -- Configured cpplint exclude dirs and/or files: 
[5.809s] -- Added test 'flake8' to check Python code syntax and style conventions
[5.817s] -- Added test 'lint_cmake' to check CMake code style
[5.823s] -- Added test 'pep257' to check Python code against some of the style conventions in PEP 257
[5.857s] -- Added test 'uncrustify' to check C / C++ code style
[5.857s] -- Configured uncrustify additional arguments: 
[5.862s] -- Added test 'xmllint' to check XML markup files
[5.865s] -- Configuring done
[5.899s] -- Generating done
[5.901s] -- Build files have been written to: /home/jeongmyung/slam-tutorial_ws/src/slam-tutorial/build/slam-tutorial
[5.928s] [35m[1mScanning dependencies of target stereo_calibration[0m
[5.930s] [35m[1mScanning dependencies of target main_node[0m
[5.951s] [ 25%] [32mBuilding CXX object CMakeFiles/main_node.dir/executables/main.cpp.o[0m
[5.982s] [ 50%] [32mBuilding CXX object include/stereo_calibration/CMakeFiles/stereo_calibration.dir/stereo_calibration.cpp.o[0m
[6.280s] [01m[K/home/jeongmyung/slam-tutorial_ws/src/slam-tutorial/executables/main.cpp:30:10:[m[K [01;31m[Kfatal error: [m[Kstereo_calibration.h: No such file or directory
[6.280s]    30 | #include [01;31m[K"stereo_calibration.h"[m[K
[6.280s]       |          [01;31m[K^~~~~~~~~~~~~~~~~~~~~~[m[K
[6.280s] compilation terminated.
[6.282s] make[2]: *** [CMakeFiles/main_node.dir/build.make:63: CMakeFiles/main_node.dir/executables/main.cpp.o] Error 1
[6.282s] make[1]: *** [CMakeFiles/Makefile2:116: CMakeFiles/main_node.dir/all] Error 2
[6.283s] make[1]: *** Waiting for unfinished jobs....
[7.595s] [01m[K/home/jeongmyung/slam-tutorial_ws/src/slam-tutorial/include/stereo_calibration/stereo_calibration.cpp:[m[K In function â€˜[01m[KEigen::MatrixXd computeFundamentalmatrixNormalized(const MatrixXd&, const MatrixXd&)[m[Kâ€™:
[7.595s] [01m[K/home/jeongmyung/slam-tutorial_ws/src/slam-tutorial/include/stereo_calibration/stereo_calibration.cpp:94:9:[m[K [01;35m[Kwarning: [m[Kunused variable â€˜[01m[Kn[m[Kâ€™ [[01;35m[K-Wunused-variable[m[K]
[7.595s]    94 |     int [01;35m[Kn[m[K = points1.rows();
[7.596s]       |         [01;35m[K^[m[K
[19.276s] [ 75%] [32m[1mLinking CXX static library libstereo_calibration.a[0m
[19.388s] [ 75%] Built target stereo_calibration
[19.389s] make: *** [Makefile:141: all] Error 2
[19.394s] Invoked command in '/home/jeongmyung/slam-tutorial_ws/src/slam-tutorial/build/slam-tutorial' returned '2': CMAKE_PREFIX_PATH=${CMAKE_PREFIX_PATH}:/opt/ros/foxy /usr/bin/cmake --build /home/jeongmyung/slam-tutorial_ws/src/slam-tutorial/build/slam-tutorial -- -j12 -l12
