[0.023s] Invoking command in '/home/jeongmyung/slam-tutorial_ws/src/slam-tutorial/build/slam-tutorial': CMAKE_PREFIX_PATH=${CMAKE_PREFIX_PATH}:/opt/ros/foxy /usr/bin/cmake --build /home/jeongmyung/slam-tutorial_ws/src/slam-tutorial/build/slam-tutorial -- -j12 -l12
[0.049s] -- Found ament_cmake: 0.9.11 (/opt/ros/foxy/share/ament_cmake/cmake)
[0.073s] -- Using PYTHON_EXECUTABLE: /usr/bin/python3
[0.288s] -- Override CMake install command with custom implementation using symlinks instead of copying resources
[0.295s] -- Found rclcpp: 2.4.2 (/opt/ros/foxy/share/rclcpp/cmake)
[0.449s] -- Using all available rosidl_typesupport_c: rosidl_typesupport_fastrtps_c;rosidl_typesupport_introspection_c
[0.454s] -- Found rosidl_adapter: 1.3.0 (/opt/ros/foxy/share/rosidl_adapter/cmake)
[3.800s] -- Using all available rosidl_typesupport_cpp: rosidl_typesupport_fastrtps_cpp;rosidl_typesupport_introspection_cpp
[3.859s] -- Found rmw_implementation_cmake: 1.0.4 (/opt/ros/foxy/share/rmw_implementation_cmake/cmake)
[3.860s] -- Using RMW implementation 'rmw_fastrtps_cpp' as default
[4.054s] -- Found sensor_msgs: 2.0.5 (/opt/ros/foxy/share/sensor_msgs/cmake)
[4.197s] -- Found image_transport: 2.4.0 (/opt/ros/foxy/share/image_transport/cmake)
[4.971s] -- Found tf2_ros: 0.13.14 (/opt/ros/foxy/share/tf2_ros/cmake)
[5.387s] -- Found nav_msgs: 2.0.5 (/opt/ros/foxy/share/nav_msgs/cmake)
[5.487s] -- Found ament_lint_auto: 0.9.8 (/opt/ros/foxy/share/ament_lint_auto/cmake)
[5.572s] -- Added test 'copyright' to check source files copyright and LICENSE
[5.606s] -- Added test 'cppcheck' to perform static code analysis on C / C++ code
[5.606s] -- Configured cppcheck include dirs: /home/jeongmyung/slam-tutorial_ws/src/slam-tutorial/./src
[5.606s] -- Configured cppcheck exclude dirs and/or files: 
[5.641s] -- Added test 'cpplint' to check C / C++ code against the Google style
[5.641s] -- Configured cpplint exclude dirs and/or files: 
[5.646s] -- Added test 'flake8' to check Python code syntax and style conventions
[5.654s] -- Added test 'lint_cmake' to check CMake code style
[5.659s] -- Added test 'pep257' to check Python code against some of the style conventions in PEP 257
[5.692s] -- Added test 'uncrustify' to check C / C++ code style
[5.693s] -- Configured uncrustify additional arguments: 
[5.697s] -- Added test 'xmllint' to check XML markup files
[5.711s] -- Configuring done
[5.746s] -- Generating done
[5.750s] -- Build files have been written to: /home/jeongmyung/slam-tutorial_ws/src/slam-tutorial/build/slam-tutorial
[5.779s] [35m[1mScanning dependencies of target stereo_calibration[0m
[5.779s] [35m[1mScanning dependencies of target main_node[0m
[5.796s] [ 25%] [32mBuilding CXX object src/stereo_calibration/CMakeFiles/stereo_calibration.dir/stereo_calibration.cpp.o[0m
[5.801s] [ 50%] [32mBuilding CXX object CMakeFiles/main_node.dir/executables/main.cpp.o[0m
[6.171s] [01m[K/home/jeongmyung/slam-tutorial_ws/src/slam-tutorial/executables/main.cpp:30:10:[m[K [01;31m[Kfatal error: [m[Kstereo_calibration.h: No such file or directory
[6.171s]    30 | #include [01;31m[K"stereo_calibration.h"[m[K
[6.171s]       |          [01;31m[K^~~~~~~~~~~~~~~~~~~~~~[m[K
[6.171s] compilation terminated.
[6.175s] make[2]: *** [CMakeFiles/main_node.dir/build.make:63: CMakeFiles/main_node.dir/executables/main.cpp.o] Error 1
[6.175s] make[1]: *** [CMakeFiles/Makefile2:116: CMakeFiles/main_node.dir/all] Error 2
[6.175s] make[1]: *** Waiting for unfinished jobs....
[7.455s] [01m[K/home/jeongmyung/slam-tutorial_ws/src/slam-tutorial/src/stereo_calibration/stereo_calibration.cpp:[m[K In function â€˜[01m[KEigen::MatrixXd computeFundamentalmatrixNormalized(const MatrixXd&, const MatrixXd&)[m[Kâ€™:
[7.455s] [01m[K/home/jeongmyung/slam-tutorial_ws/src/slam-tutorial/src/stereo_calibration/stereo_calibration.cpp:94:9:[m[K [01;35m[Kwarning: [m[Kunused variable â€˜[01m[Kn[m[Kâ€™ [[01;35m[K-Wunused-variable[m[K]
[7.455s]    94 |     int [01;35m[Kn[m[K = points1.rows();
[7.455s]       |         [01;35m[K^[m[K
[19.443s] [ 75%] [32m[1mLinking CXX static library libstereo_calibration.a[0m
[19.557s] [ 75%] Built target stereo_calibration
[19.558s] make: *** [Makefile:141: all] Error 2
[19.562s] Invoked command in '/home/jeongmyung/slam-tutorial_ws/src/slam-tutorial/build/slam-tutorial' returned '2': CMAKE_PREFIX_PATH=${CMAKE_PREFIX_PATH}:/opt/ros/foxy /usr/bin/cmake --build /home/jeongmyung/slam-tutorial_ws/src/slam-tutorial/build/slam-tutorial -- -j12 -l12
