-- Found ament_cmake: 0.9.11 (/opt/ros/foxy/share/ament_cmake/cmake)
-- Using PYTHON_EXECUTABLE: /usr/bin/python3
-- Override CMake install command with custom implementation using symlinks instead of copying resources
-- Found rclcpp: 2.4.2 (/opt/ros/foxy/share/rclcpp/cmake)
-- Using all available rosidl_typesupport_c: rosidl_typesupport_fastrtps_c;rosidl_typesupport_introspection_c
-- Found rosidl_adapter: 1.3.0 (/opt/ros/foxy/share/rosidl_adapter/cmake)
-- Using all available rosidl_typesupport_cpp: rosidl_typesupport_fastrtps_cpp;rosidl_typesupport_introspection_cpp
-- Found rmw_implementation_cmake: 1.0.4 (/opt/ros/foxy/share/rmw_implementation_cmake/cmake)
-- Using RMW implementation 'rmw_fastrtps_cpp' as default
-- Found sensor_msgs: 2.0.5 (/opt/ros/foxy/share/sensor_msgs/cmake)
-- Found image_transport: 2.4.0 (/opt/ros/foxy/share/image_transport/cmake)
-- Checking for module 'eigen3'
--   Found eigen3, version 3.3.7
-- Found Eigen: /usr/include/eigen3 (Required is at least version "3.1") 
-- Eigen found (include: /usr/include/eigen3, version: 3.3.7)
-- Found Boost: /usr/lib/x86_64-linux-gnu/cmake/Boost-1.71.0/BoostConfig.cmake (found suitable version "1.71.0", minimum required is "1.65.0") found components: system filesystem date_time iostreams serialization 
-- Checking for module 'libusb-1.0'
--   Found libusb-1.0, version 1.0.23
-- Found libusb: /usr/lib/x86_64-linux-gnu/libusb-1.0.so  
-- Found OpenNI: /usr/lib/libOpenNI.so;libusb::libusb (found version "1.5.4.0") 
-- OpenNI found (version: 1.5.4.0, include: /usr/include/ni, lib: /usr/lib/libOpenNI.so;libusb::libusb)
-- Found OpenNI2: /usr/lib/libOpenNI2.so;libusb::libusb (found version "2.2.0.33") 
-- OpenNI2 found (version: 2.2.0.33, include: /usr/include/openni2, lib: /usr/lib/libOpenNI2.so;libusb::libusb)
** WARNING ** io features related to pcap will be disabled
** WARNING ** io features related to png will be disabled
-- The imported target "vtkParseOGLExt" references the file
   "/usr/bin/vtkParseOGLExt-7.1"
but this file does not exist.  Possible reasons include:
* The file was deleted, renamed, or moved to another location.
* An install or uninstall procedure did not complete successfully.
* The installation package was faulty and contained
   "/usr/lib/cmake/vtk-7.1/VTKTargets.cmake"
but not all the files it references.

-- The imported target "vtkRenderingPythonTkWidgets" references the file
   "/usr/lib/x86_64-linux-gnu/libvtkRenderingPythonTkWidgets.so"
but this file does not exist.  Possible reasons include:
* The file was deleted, renamed, or moved to another location.
* An install or uninstall procedure did not complete successfully.
* The installation package was faulty and contained
   "/usr/lib/cmake/vtk-7.1/VTKTargets.cmake"
but not all the files it references.

-- The imported target "vtk" references the file
   "/usr/bin/vtk"
but this file does not exist.  Possible reasons include:
* The file was deleted, renamed, or moved to another location.
* An install or uninstall procedure did not complete successfully.
* The installation package was faulty and contained
   "/usr/lib/cmake/vtk-7.1/VTKTargets.cmake"
but not all the files it references.

-- The imported target "pvtk" references the file
   "/usr/bin/pvtk"
but this file does not exist.  Possible reasons include:
* The file was deleted, renamed, or moved to another location.
* An install or uninstall procedure did not complete successfully.
* The installation package was faulty and contained
   "/usr/lib/cmake/vtk-7.1/VTKTargets.cmake"
but not all the files it references.

-- Eigen found (include: /usr/include/eigen3, version: 3.3.7)
-- Checking for module 'flann'
--   Found flann, version 1.9.1
-- Found FLANN: /usr/lib/x86_64-linux-gnu/libflann_cpp.so  
-- FLANN found (include: /usr/include, lib: /usr/lib/x86_64-linux-gnu/libflann_cpp.so)
-- OpenNI found (version: 1.5.4.0, include: /usr/include/ni, lib: /usr/lib/libOpenNI.so;libusb::libusb)
-- OpenNI2 found (version: 2.2.0.33, include: /usr/include/openni2, lib: /usr/lib/libOpenNI2.so;libusb::libusb)
-- looking for PCL_COMMON
-- Found PCL_COMMON: /usr/local/lib/libpcl_common.so  
-- looking for PCL_OCTREE
-- Found PCL_OCTREE: /usr/local/lib/libpcl_octree.so  
-- looking for PCL_IO
-- Found PCL_IO: /usr/local/lib/libpcl_io.so  
-- looking for PCL_KDTREE
-- Found PCL_KDTREE: /usr/local/lib/libpcl_kdtree.so  
-- looking for PCL_GEOMETRY
-- Found PCL_GEOMETRY: /usr/local/include/pcl-1.12  
-- looking for PCL_SEARCH
-- Found PCL_SEARCH: /usr/local/lib/libpcl_search.so  
-- looking for PCL_VISUALIZATION
-- Found PCL_VISUALIZATION: /usr/local/lib/libpcl_visualization.so  
-- Found PCL: pcl_common;pcl_octree;pcl_io;pcl_kdtree;pcl_search;pcl_visualization;Boost::system;Boost::filesystem;Boost::date_time;Boost::iostreams;Boost::serialization;/usr/lib/libOpenNI.so;libusb::libusb;/usr/lib/libOpenNI2.so;libusb::libusb;vtkChartsCore;vtkCommonColor;vtkCommonCore;vtksys;vtkCommonDataModel;vtkCommonMath;vtkCommonMisc;vtkCommonSystem;vtkCommonTransforms;vtkCommonExecutionModel;vtkFiltersGeneral;vtkCommonComputationalGeometry;vtkFiltersCore;vtkInfovisCore;vtkFiltersExtraction;vtkFiltersStatistics;vtkImagingFourier;vtkImagingCore;vtkalglib;vtkRenderingContext2D;vtkRenderingCore;vtkFiltersGeometry;vtkFiltersSources;vtkRenderingFreeType;/usr/lib/x86_64-linux-gnu/libfreetype.so;/usr/lib/x86_64-linux-gnu/libz.so;vtkFiltersModeling;vtkImagingSources;vtkInteractionImage;vtkImagingColor;vtkInteractionStyle;vtkInteractionWidgets;vtkFiltersHybrid;vtkImagingGeneral;vtkImagingHybrid;vtkIOImage;vtkDICOMParser;vtkmetaio;/usr/lib/x86_64-linux-gnu/libjpeg.so;/usr/lib/x86_64-linux-gnu/libpng.so;/usr/lib/x86_64-linux-gnu/libtiff.so;vtkRenderingAnnotation;vtkRenderingVolume;vtkIOXML;vtkIOCore;vtkIOXMLParser;/usr/lib/x86_64-linux-gnu/libexpat.so;vtkIOGeometry;vtkIOLegacy;vtkIOPLY;vtkRenderingLOD;vtkViewsCore;vtkViewsContext2D;vtkRenderingOpenGL2;vtkGUISupportQt;FLANN::FLANN (Required is at least version "1.10") 
-- Found ament_lint_auto: 0.9.8 (/opt/ros/foxy/share/ament_lint_auto/cmake)
/usr/local/include/pcl-1.12/usr/include/eigen3/usr/include/usr/include/ni/usr/include/openni2/usr/include/vtk-7.1/usr/include/freetype2/usr/include/x86_64-linux-gnu
-- Added test 'copyright' to check source files copyright and LICENSE
-- Added test 'cppcheck' to perform static code analysis on C / C++ code
-- Configured cppcheck include dirs: 
-- Configured cppcheck exclude dirs and/or files: 
-- Added test 'cpplint' to check C / C++ code against the Google style
-- Configured cpplint exclude dirs and/or files: 
-- Added test 'flake8' to check Python code syntax and style conventions
-- Added test 'lint_cmake' to check CMake code style
-- Added test 'pep257' to check Python code against some of the style conventions in PEP 257
-- Added test 'uncrustify' to check C / C++ code style
-- Configured uncrustify additional arguments: 
-- Added test 'xmllint' to check XML markup files
-- Configuring done
-- Generating done
-- Build files have been written to: /home/jeongmyung/slam-tutorial_ws/src/slam-tutorial/build/slam-tutorial
[35m[1mScanning dependencies of target lidar_subscriber_node[0m
[35m[1mScanning dependencies of target main_node[0m
[ 25%] [32mBuilding CXX object CMakeFiles/lidar_subscriber_node.dir/executables/lidar_subscriber.cpp.o[0m
[ 50%] [32mBuilding CXX object CMakeFiles/main_node.dir/executables/main.cpp.o[0m
In file included from [01m[K/home/jeongmyung/slam-tutorial_ws/src/slam-tutorial/executables/main.cpp:8[m[K:
[01m[K/opt/ros/foxy/include/image_transport/image_transport.h:41:89:[m[K [01;36m[Knote: [m[K#pragma message: Warning: This header is deprecated. Use 'image_transport.hpp' instead
   41 | #pragma message ("Warning: This header is deprecated. Use 'image_transport.hpp' instead"[01;36m[K)[m[K
      |                                                                                         [01;36m[K^[m[K
[01m[K/home/jeongmyung/slam-tutorial_ws/src/slam-tutorial/executables/lidar_subscriber.cpp:[m[K In function â€˜[01m[Kvoid estimate_motion_svd(pcl::PointCloud<pcl::PointXYZ>::Ptr, pcl::PointCloud<pcl::PointXYZ>::Ptr)[m[Kâ€™:
[01m[K/home/jeongmyung/slam-tutorial_ws/src/slam-tutorial/executables/lidar_subscriber.cpp:34:50:[m[K [01;31m[Kerror: [m[Kno matching function for call to â€˜[01m[KcomputeCentroid(const Ptr&, pcl::PointXYZ*)[m[Kâ€™
   34 |     pcl::computeCentroid(ref_cloud, &centroid_ref[01;31m[K)[m[K;
      |                                                  [01;31m[K^[m[K
In file included from [01m[K/usr/local/include/pcl-1.12/pcl/common/centroid.h:1099[m[K,
                 from [01m[K/usr/local/include/pcl-1.12/pcl/common/transforms.h:44[m[K,
                 from [01m[K/home/jeongmyung/slam-tutorial_ws/src/slam-tutorial/executables/lidar_subscriber.cpp:9[m[K:
[01m[K/usr/local/include/pcl-1.12/pcl/common/impl/centroid.hpp:894:1:[m[K [01;36m[Knote: [m[Kcandidate: â€˜[01m[Ktemplate<class PointInT, class PointOutT> std::size_t pcl::computeCentroid(const pcl::PointCloud<PointT>&, PointOutT&)[m[Kâ€™
  894 | [01;36m[KcomputeCentroid[m[K (const pcl::PointCloud<PointInT>& cloud,
      | [01;36m[K^~~~~~~~~~~~~~~[m[K
[01m[K/usr/local/include/pcl-1.12/pcl/common/impl/centroid.hpp:894:1:[m[K [01;36m[Knote: [m[K  template argument deduction/substitution failed:
[01m[K/home/jeongmyung/slam-tutorial_ws/src/slam-tutorial/executables/lidar_subscriber.cpp:34:50:[m[K [01;36m[Knote: [m[K  â€˜[01m[Kconst Ptr[m[Kâ€™ {aka â€˜[01m[Kconst std::shared_ptr<pcl::PointCloud<pcl::PointXYZ> >[m[Kâ€™} is not derived from â€˜[01m[Kconst pcl::PointCloud<PointT>[m[Kâ€™
   34 |     pcl::computeCentroid(ref_cloud, &centroid_ref[01;36m[K)[m[K;
      |                                                  [01;36m[K^[m[K
In file included from [01m[K/usr/local/include/pcl-1.12/pcl/common/centroid.h:1099[m[K,
                 from [01m[K/usr/local/include/pcl-1.12/pcl/common/transforms.h:44[m[K,
                 from [01m[K/home/jeongmyung/slam-tutorial_ws/src/slam-tutorial/executables/lidar_subscriber.cpp:9[m[K:
[01m[K/usr/local/include/pcl-1.12/pcl/common/impl/centroid.hpp:913:1:[m[K [01;36m[Knote: [m[Kcandidate: â€˜[01m[Ktemplate<class PointInT, class PointOutT> std::size_t pcl::computeCentroid(const pcl::PointCloud<PointT>&, const Indices&, PointOutT&)[m[Kâ€™
  913 | [01;36m[KcomputeCentroid[m[K (const pcl::PointCloud<PointInT>& cloud,
      | [01;36m[K^~~~~~~~~~~~~~~[m[K
[01m[K/usr/local/include/pcl-1.12/pcl/common/impl/centroid.hpp:913:1:[m[K [01;36m[Knote: [m[K  template argument deduction/substitution failed:
[01m[K/home/jeongmyung/slam-tutorial_ws/src/slam-tutorial/executables/lidar_subscriber.cpp:34:50:[m[K [01;36m[Knote: [m[K  â€˜[01m[Kconst Ptr[m[Kâ€™ {aka â€˜[01m[Kconst std::shared_ptr<pcl::PointCloud<pcl::PointXYZ> >[m[Kâ€™} is not derived from â€˜[01m[Kconst pcl::PointCloud<PointT>[m[Kâ€™
   34 |     pcl::computeCentroid(ref_cloud, &centroid_ref[01;36m[K)[m[K;
      |                                                  [01;36m[K^[m[K
[01m[K/home/jeongmyung/slam-tutorial_ws/src/slam-tutorial/executables/lidar_subscriber.cpp:35:52:[m[K [01;31m[Kerror: [m[Kno matching function for call to â€˜[01m[KcomputeCentroid(const Ptr&, pcl::PointXYZ*)[m[Kâ€™
   35 |     pcl::computeCentroid(curr_cloud, &centroid_curr[01;31m[K)[m[K;
      |                                                    [01;31m[K^[m[K
In file included from [01m[K/usr/local/include/pcl-1.12/pcl/common/centroid.h:1099[m[K,
                 from [01m[K/usr/local/include/pcl-1.12/pcl/common/transforms.h:44[m[K,
                 from [01m[K/home/jeongmyung/slam-tutorial_ws/src/slam-tutorial/executables/lidar_subscriber.cpp:9[m[K:
[01m[K/usr/local/include/pcl-1.12/pcl/common/impl/centroid.hpp:894:1:[m[K [01;36m[Knote: [m[Kcandidate: â€˜[01m[Ktemplate<class PointInT, class PointOutT> std::size_t pcl::computeCentroid(const pcl::PointCloud<PointT>&, PointOutT&)[m[Kâ€™
  894 | [01;36m[KcomputeCentroid[m[K (const pcl::PointCloud<PointInT>& cloud,
      | [01;36m[K^~~~~~~~~~~~~~~[m[K
[01m[K/usr/local/include/pcl-1.12/pcl/common/impl/centroid.hpp:894:1:[m[K [01;36m[Knote: [m[K  template argument deduction/substitution failed:
[01m[K/home/jeongmyung/slam-tutorial_ws/src/slam-tutorial/executables/lidar_subscriber.cpp:35:52:[m[K [01;36m[Knote: [m[K  â€˜[01m[Kconst Ptr[m[Kâ€™ {aka â€˜[01m[Kconst std::shared_ptr<pcl::PointCloud<pcl::PointXYZ> >[m[Kâ€™} is not derived from â€˜[01m[Kconst pcl::PointCloud<PointT>[m[Kâ€™
   35 |     pcl::computeCentroid(curr_cloud, &centroid_curr[01;36m[K)[m[K;
      |                                                    [01;36m[K^[m[K
In file included from [01m[K/usr/local/include/pcl-1.12/pcl/common/centroid.h:1099[m[K,
                 from [01m[K/usr/local/include/pcl-1.12/pcl/common/transforms.h:44[m[K,
                 from [01m[K/home/jeongmyung/slam-tutorial_ws/src/slam-tutorial/executables/lidar_subscriber.cpp:9[m[K:
[01m[K/usr/local/include/pcl-1.12/pcl/common/impl/centroid.hpp:913:1:[m[K [01;36m[Knote: [m[Kcandidate: â€˜[01m[Ktemplate<class PointInT, class PointOutT> std::size_t pcl::computeCentroid(const pcl::PointCloud<PointT>&, const Indices&, PointOutT&)[m[Kâ€™
  913 | [01;36m[KcomputeCentroid[m[K (const pcl::PointCloud<PointInT>& cloud,
      | [01;36m[K^~~~~~~~~~~~~~~[m[K
[01m[K/usr/local/include/pcl-1.12/pcl/common/impl/centroid.hpp:913:1:[m[K [01;36m[Knote: [m[K  template argument deduction/substitution failed:
[01m[K/home/jeongmyung/slam-tutorial_ws/src/slam-tutorial/executables/lidar_subscriber.cpp:35:52:[m[K [01;36m[Knote: [m[K  â€˜[01m[Kconst Ptr[m[Kâ€™ {aka â€˜[01m[Kconst std::shared_ptr<pcl::PointCloud<pcl::PointXYZ> >[m[Kâ€™} is not derived from â€˜[01m[Kconst pcl::PointCloud<PointT>[m[Kâ€™
   35 |     pcl::computeCentroid(curr_cloud, &centroid_curr[01;36m[K)[m[K;
      |                                                    [01;36m[K^[m[K
[01m[K/home/jeongmyung/slam-tutorial_ws/src/slam-tutorial/executables/lidar_subscriber.cpp:[m[K In function â€˜[01m[Kvoid generate_2d_points()[m[Kâ€™:
[01m[K/home/jeongmyung/slam-tutorial_ws/src/slam-tutorial/executables/lidar_subscriber.cpp:86:12:[m[K [01;35m[Kwarning: [m[Kunused variable â€˜[01m[Kpre_error[m[Kâ€™ [[01;35m[K-Wunused-variable[m[K]
   86 |     double [01;35m[Kpre_error[m[K = 1000000;
      |            [01;35m[K^~~~~~~~~[m[K
[01m[K/home/jeongmyung/slam-tutorial_ws/src/slam-tutorial/executables/lidar_subscriber.cpp:87:9:[m[K [01;35m[Kwarning: [m[Kunused variable â€˜[01m[Kcount[m[Kâ€™ [[01;35m[K-Wunused-variable[m[K]
   87 |     int [01;35m[Kcount[m[K = 0;
      |         [01;35m[K^~~~~[m[K
[01m[K/home/jeongmyung/slam-tutorial_ws/src/slam-tutorial/executables/lidar_subscriber.cpp:[m[K In function â€˜[01m[Kint main(int, char**)[m[Kâ€™:
[01m[K/home/jeongmyung/slam-tutorial_ws/src/slam-tutorial/executables/lidar_subscriber.cpp:100:14:[m[K [01;35m[Kwarning: [m[Kunused parameter â€˜[01m[Kargc[m[Kâ€™ [[01;35m[K-Wunused-parameter[m[K]
  100 | int main([01;35m[Kint argc[m[K, char **argv) {
      |          [01;35m[K~~~~^~~~[m[K
[01m[K/home/jeongmyung/slam-tutorial_ws/src/slam-tutorial/executables/lidar_subscriber.cpp:100:27:[m[K [01;35m[Kwarning: [m[Kunused parameter â€˜[01m[Kargv[m[Kâ€™ [[01;35m[K-Wunused-parameter[m[K]
  100 | int main(int argc, [01;35m[Kchar **argv[m[K) {
      |                    [01;35m[K~~~~~~~^~~~[m[K
[ 75%] [32m[1mLinking CXX executable main_node[0m
make[2]: *** [CMakeFiles/lidar_subscriber_node.dir/build.make:63: CMakeFiles/lidar_subscriber_node.dir/executables/lidar_subscriber.cpp.o] Error 1
make[1]: *** [CMakeFiles/Makefile2:80: CMakeFiles/lidar_subscriber_node.dir/all] Error 2
make[1]: *** Waiting for unfinished jobs....
[ 75%] Built target main_node
make: *** [Makefile:141: all] Error 2
