[0.023s] Invoking command in '/home/jeongmyung/slam-tutorial_ws/src/slam-tutorial/build/slam-tutorial': WSLENV=ELECTRON_RUN_AS_NODE/w:WT_SESSION:BASH_ENV/u:WT_PROFILE_ID /usr/bin/cmake --build /home/jeongmyung/slam-tutorial_ws/src/slam-tutorial/build/slam-tutorial -- -j12 -l12
[0.066s] [35m[1mScanning dependencies of target main_node[0m
[0.090s] [ 50%] Built target lidar_subscriber_node
[0.108s] [ 75%] [32mBuilding CXX object CMakeFiles/main_node.dir/executables/main.cpp.o[0m
[2.163s] In file included from [01m[K/home/jeongmyung/slam-tutorial_ws/src/slam-tutorial/executables/main.cpp:8[m[K:
[2.163s] [01m[K/opt/ros/foxy/include/image_transport/image_transport.h:41:89:[m[K [01;36m[Knote: [m[K#pragma message: Warning: This header is deprecated. Use 'image_transport.hpp' instead
[2.163s]    41 | #pragma message ("Warning: This header is deprecated. Use 'image_transport.hpp' instead"[01;36m[K)[m[K
[2.164s]       |                                                                                         [01;36m[K^[m[K
[2.672s] [01m[K/home/jeongmyung/slam-tutorial_ws/src/slam-tutorial/executables/main.cpp:[m[K In function â€˜[01m[Kvoid detect_keypoints(cv::Mat*, cv::Mat*)[m[Kâ€™:
[2.672s] [01m[K/home/jeongmyung/slam-tutorial_ws/src/slam-tutorial/executables/main.cpp:45:22:[m[K [01;31m[Kerror: [m[Kno matching function for call to â€˜[01m[KdrawMatches(cv::Mat&, std::vector<cv::KeyPoint>&, cv::Mat&, std::vector<cv::KeyPoint>&, std::vector<cv::DMatch>&, cv::Mat&, cv::Scalar_<double>, cv::Scalar_<double>, std::vector<char>, int)[m[Kâ€™
[2.672s]    45 |                     2[01;31m[K)[m[K;
[2.673s]       |                      [01;31m[K^[m[K
[2.673s] In file included from [01m[K/home/jeongmyung/slam-tutorial_ws/src/slam-tutorial/executables/main.cpp:13[m[K:
[2.673s] [01m[K/usr/include/opencv4/opencv2/features2d.hpp:1260:19:[m[K [01;36m[Knote: [m[Kcandidate: â€˜[01m[Kvoid cv::drawMatches(cv::InputArray, const std::vector<cv::KeyPoint>&, cv::InputArray, const std::vector<cv::KeyPoint>&, const std::vector<cv::DMatch>&, cv::InputOutputArray, const Scalar&, const Scalar&, const std::vector<char>&, cv::DrawMatchesFlags)[m[Kâ€™
[2.673s]  1260 | CV_EXPORTS_W void [01;36m[KdrawMatches[m[K( InputArray img1, const std::vector<KeyPoint>& keypoints1,
[2.673s]       |                   [01;36m[K^~~~~~~~~~~[m[K
[2.673s] [01m[K/usr/include/opencv4/opencv2/features2d.hpp:1264:105:[m[K [01;36m[Knote: [m[K  no known conversion for argument 10 from â€˜[01m[Kint[m[Kâ€™ to â€˜[01m[Kcv::DrawMatchesFlags[m[Kâ€™
[2.673s]  1264 |                              const std::vector<char>& matchesMask=std::vector<char>(), [01;36m[KDrawMatchesFlags flags=DrawMatchesFlags::DEFAULT[m[K );
[2.673s]       |                                                                                        [01;36m[K~~~~~~~~~~~~~~~~~^~~~~~~~~~~~~~~~~~~~~~~~~~~~~~~[m[K
[2.673s] [01m[K/usr/include/opencv4/opencv2/features2d.hpp:1267:36:[m[K [01;36m[Knote: [m[Kcandidate: â€˜[01m[Kvoid cv::drawMatches(cv::InputArray, const std::vector<cv::KeyPoint>&, cv::InputArray, const std::vector<cv::KeyPoint>&, const std::vector<std::vector<cv::DMatch> >&, cv::InputOutputArray, const Scalar&, const Scalar&, const std::vector<std::vector<char> >&, cv::DrawMatchesFlags)[m[Kâ€™
[2.673s]  1267 | CV_EXPORTS_AS(drawMatchesKnn) void [01;36m[KdrawMatches[m[K( InputArray img1, const std::vector<KeyPoint>& keypoints1,
[2.673s]       |                                    [01;36m[K^~~~~~~~~~~[m[K
[2.673s] [01m[K/usr/include/opencv4/opencv2/features2d.hpp:1269:71:[m[K [01;36m[Knote: [m[K  no known conversion for argument 5 from â€˜[01m[Kstd::vector<cv::DMatch>[m[Kâ€™ to â€˜[01m[Kconst std::vector<std::vector<cv::DMatch> >&[m[Kâ€™
[2.674s]  1269 |                              [01;36m[Kconst std::vector<std::vector<DMatch> >& matches1to2[m[K, InputOutputArray outImg,
[2.674s]       |                              [01;36m[K~~~~~~~~~~~~~~~~~~~~~~~~~~~~~~~~~~~~~~~~~^~~~~~~~~~~[m[K
[6.335s] make[2]: *** [CMakeFiles/main_node.dir/build.make:63: CMakeFiles/main_node.dir/executables/main.cpp.o] Error 1
[6.335s] make[1]: *** [CMakeFiles/Makefile2:107: CMakeFiles/main_node.dir/all] Error 2
[6.335s] make: *** [Makefile:141: all] Error 2
[6.340s] Invoked command in '/home/jeongmyung/slam-tutorial_ws/src/slam-tutorial/build/slam-tutorial' returned '2': WSLENV=ELECTRON_RUN_AS_NODE/w:WT_SESSION:BASH_ENV/u:WT_PROFILE_ID /usr/bin/cmake --build /home/jeongmyung/slam-tutorial_ws/src/slam-tutorial/build/slam-tutorial -- -j12 -l12
